<?xml version="1.0" encoding="UTF-8"?>
<!-- Generated by org.testng.reporters.JUnitReportReporter -->
<testsuite hostname="Methulis-Air" failures="0" tests="3" name="com.actitime.qa.testcases.LogonPageTest" time="47.833" errors="0" timestamp="07 Sep 2021 22:28:37 GMT" skipped="0">
  <testcase classname="com.actitime.qa.testcases.LogonPageTest" name="loginPageLogoTest" time="12.502"/>
  <testcase classname="com.actitime.qa.testcases.LogonPageTest" name="LoginTest" time="15.013"/>
  <testcase classname="com.actitime.qa.testcases.LogonPageTest" name="LoginTest" time="20.318"/>
</testsuite> <!-- com.actitime.qa.testcases.LogonPageTest -->
